2023-08-31 18:33:29 | INFO | Acessando link referente a moeda bitcoin.
2023-08-31 18:33:30 | INFO | Salvando página html referente a moeda bitcoin.
2023-08-31 18:33:30 | INFO | Extraindo conteúdo desejado referente a moeda bitcoin.
2023-08-31 18:33:53 | INFO | Dados da Moeda: bitcoin coletados com sucesso.
2023-08-31 18:33:53 | INFO | Salvando informações referente a moeda bitcoin.
2023-08-31 18:33:53 | INFO | Informações referente a moeda bitcoin salva com sucesso.
2023-08-31 18:34:06 | INFO | Acessando link referente a moeda ethereum.
2023-08-31 18:34:07 | INFO | Salvando página html referente a moeda ethereum.
2023-08-31 18:34:07 | INFO | Extraindo conteúdo desejado referente a moeda ethereum.
2023-08-31 18:34:07 | INFO | Dados da Moeda: ethereum coletados com sucesso.
2023-08-31 18:34:07 | INFO | Salvando informações referente a moeda ethereum.
2023-08-31 18:34:07 | INFO | Informações referente a moeda ethereum salva com sucesso.
2023-08-31 18:34:07 | INFO | Acessando link referente a moeda tether.
2023-08-31 18:34:08 | INFO | Salvando página html referente a moeda tether.
2023-08-31 18:34:08 | INFO | Extraindo conteúdo desejado referente a moeda tether.
2023-08-31 18:34:08 | INFO | Dados da Moeda: tether coletados com sucesso.
2023-08-31 18:34:08 | INFO | Salvando informações referente a moeda tether.
2023-08-31 18:34:08 | INFO | Informações referente a moeda tether salva com sucesso.
2023-08-31 18:34:08 | INFO | Acessando link referente a moeda bnb.
2023-08-31 18:34:09 | INFO | Salvando página html referente a moeda bnb.
2023-08-31 18:34:09 | INFO | Extraindo conteúdo desejado referente a moeda bnb.
2023-08-31 18:34:09 | INFO | Dados da Moeda: bnb coletados com sucesso.
2023-08-31 18:34:09 | INFO | Salvando informações referente a moeda bnb.
2023-08-31 18:34:09 | INFO | Informações referente a moeda bnb salva com sucesso.
2023-08-31 18:34:09 | INFO | Acessando link referente a moeda xrp.
2023-08-31 18:34:09 | INFO | Salvando página html referente a moeda xrp.
2023-08-31 18:34:09 | INFO | Extraindo conteúdo desejado referente a moeda xrp.
2023-08-31 18:34:09 | INFO | Dados da Moeda: xrp coletados com sucesso.
2023-08-31 18:34:09 | INFO | Salvando informações referente a moeda xrp.
2023-08-31 18:34:09 | INFO | Informações referente a moeda xrp salva com sucesso.
2023-08-31 18:34:09 | INFO | Acessando link referente a moeda usd-coin.
2023-08-31 18:34:10 | INFO | Salvando página html referente a moeda usd-coin.
2023-08-31 18:34:10 | INFO | Extraindo conteúdo desejado referente a moeda usd-coin.
2023-08-31 18:34:10 | INFO | Dados da Moeda: usd-coin coletados com sucesso.
2023-08-31 18:34:10 | INFO | Salvando informações referente a moeda usd-coin.
2023-08-31 18:34:10 | INFO | Informações referente a moeda usd-coin salva com sucesso.
2023-08-31 18:34:10 | INFO | Acessando link referente a moeda cardano.
2023-08-31 18:34:11 | INFO | Salvando página html referente a moeda cardano.
2023-08-31 18:34:11 | INFO | Extraindo conteúdo desejado referente a moeda cardano.
2023-08-31 18:34:11 | INFO | Dados da Moeda: cardano coletados com sucesso.
2023-08-31 18:34:11 | INFO | Salvando informações referente a moeda cardano.
2023-08-31 18:34:11 | INFO | Informações referente a moeda cardano salva com sucesso.
