2023-09-04 18:15:25 | INFO | ACESSANDO LINK REFERENTE A MOEDA BITCOIN.
2023-09-04 18:15:26 | INFO | SALVANDO PÁGINA HTML REFERENTE A MOEDA BITCOIN.
2023-09-04 18:15:26 | INFO | EXTRAINDO CONTEÚDO DESEJADO REFERENTE A MOEDA BITCOIN.
2023-09-04 18:16:14 | INFO | ACESSANDO LINK REFERENTE A MOEDA BITCOIN.
2023-09-04 18:16:18 | INFO | SALVANDO PÁGINA HTML REFERENTE A MOEDA BITCOIN.
2023-09-04 18:16:18 | INFO | EXTRAINDO CONTEÚDO DESEJADO REFERENTE A MOEDA BITCOIN.
2023-09-04 18:16:22 | INFO | DADOS DA MOEDA: BITCOIN COLETADOS COM SUCESSO.
2023-09-04 18:16:22 | INFO | SALVANDO INFORMAÇÕES REFERENTE A MOEDA BITCOIN.
2023-09-04 18:16:22 | INFO | INFORMAÇÕES REFERENTE A MOEDA BITCOIN SALVA COM SUCESSO.
2023-09-04 18:16:22 | INFO | ACESSANDO LINK REFERENTE A MOEDA ETHEREUM.
2023-09-04 18:16:23 | INFO | SALVANDO PÁGINA HTML REFERENTE A MOEDA ETHEREUM.
2023-09-04 18:16:23 | INFO | EXTRAINDO CONTEÚDO DESEJADO REFERENTE A MOEDA ETHEREUM.
2023-09-04 18:16:23 | INFO | DADOS DA MOEDA: ETHEREUM COLETADOS COM SUCESSO.
2023-09-04 18:16:23 | INFO | SALVANDO INFORMAÇÕES REFERENTE A MOEDA ETHEREUM.
2023-09-04 18:16:23 | INFO | INFORMAÇÕES REFERENTE A MOEDA ETHEREUM SALVA COM SUCESSO.
2023-09-04 18:16:23 | INFO | ACESSANDO LINK REFERENTE A MOEDA TETHER.
2023-09-04 18:16:24 | INFO | SALVANDO PÁGINA HTML REFERENTE A MOEDA TETHER.
2023-09-04 18:16:24 | INFO | EXTRAINDO CONTEÚDO DESEJADO REFERENTE A MOEDA TETHER.
2023-09-04 18:16:24 | INFO | DADOS DA MOEDA: TETHER COLETADOS COM SUCESSO.
2023-09-04 18:16:24 | INFO | SALVANDO INFORMAÇÕES REFERENTE A MOEDA TETHER.
2023-09-04 18:16:24 | INFO | INFORMAÇÕES REFERENTE A MOEDA TETHER SALVA COM SUCESSO.
2023-09-04 18:16:24 | INFO | ACESSANDO LINK REFERENTE A MOEDA BNB.
2023-09-04 18:16:26 | INFO | SALVANDO PÁGINA HTML REFERENTE A MOEDA BNB.
2023-09-04 18:16:26 | INFO | EXTRAINDO CONTEÚDO DESEJADO REFERENTE A MOEDA BNB.
2023-09-04 18:16:26 | INFO | DADOS DA MOEDA: BNB COLETADOS COM SUCESSO.
2023-09-04 18:16:26 | INFO | SALVANDO INFORMAÇÕES REFERENTE A MOEDA BNB.
2023-09-04 18:16:26 | INFO | INFORMAÇÕES REFERENTE A MOEDA BNB SALVA COM SUCESSO.
2023-09-04 18:16:26 | INFO | ACESSANDO LINK REFERENTE A MOEDA XRP.
2023-09-04 18:16:27 | INFO | SALVANDO PÁGINA HTML REFERENTE A MOEDA XRP.
2023-09-04 18:16:27 | INFO | EXTRAINDO CONTEÚDO DESEJADO REFERENTE A MOEDA XRP.
2023-09-04 18:16:27 | INFO | DADOS DA MOEDA: XRP COLETADOS COM SUCESSO.
2023-09-04 18:16:27 | INFO | SALVANDO INFORMAÇÕES REFERENTE A MOEDA XRP.
2023-09-04 18:16:27 | INFO | INFORMAÇÕES REFERENTE A MOEDA XRP SALVA COM SUCESSO.
2023-09-04 18:16:27 | INFO | ACESSANDO LINK REFERENTE A MOEDA USD-COIN.
2023-09-04 18:16:28 | INFO | SALVANDO PÁGINA HTML REFERENTE A MOEDA USD-COIN.
2023-09-04 18:16:28 | INFO | EXTRAINDO CONTEÚDO DESEJADO REFERENTE A MOEDA USD-COIN.
2023-09-04 18:16:28 | INFO | DADOS DA MOEDA: USD-COIN COLETADOS COM SUCESSO.
2023-09-04 18:16:28 | INFO | SALVANDO INFORMAÇÕES REFERENTE A MOEDA USD-COIN.
2023-09-04 18:16:28 | INFO | INFORMAÇÕES REFERENTE A MOEDA USD-COIN SALVA COM SUCESSO.
2023-09-04 18:16:28 | INFO | ACESSANDO LINK REFERENTE A MOEDA CARDANO.
2023-09-04 18:16:29 | INFO | SALVANDO PÁGINA HTML REFERENTE A MOEDA CARDANO.
2023-09-04 18:16:29 | INFO | EXTRAINDO CONTEÚDO DESEJADO REFERENTE A MOEDA CARDANO.
2023-09-04 18:16:29 | INFO | DADOS DA MOEDA: CARDANO COLETADOS COM SUCESSO.
2023-09-04 18:16:29 | INFO | SALVANDO INFORMAÇÕES REFERENTE A MOEDA CARDANO.
2023-09-04 18:16:29 | INFO | INFORMAÇÕES REFERENTE A MOEDA CARDANO SALVA COM SUCESSO.
2023-09-04 18:16:29 | INFO | ACESSANDO LINK REFERENTE A MOEDA SOLANA.
2023-09-04 18:16:30 | INFO | SALVANDO PÁGINA HTML REFERENTE A MOEDA SOLANA.
2023-09-04 18:16:30 | INFO | EXTRAINDO CONTEÚDO DESEJADO REFERENTE A MOEDA SOLANA.
2023-09-04 18:16:30 | INFO | DADOS DA MOEDA: SOLANA COLETADOS COM SUCESSO.
2023-09-04 18:16:30 | INFO | SALVANDO INFORMAÇÕES REFERENTE A MOEDA SOLANA.
2023-09-04 18:16:30 | INFO | INFORMAÇÕES REFERENTE A MOEDA SOLANA SALVA COM SUCESSO.
2023-09-04 18:16:30 | INFO | ACESSANDO LINK REFERENTE A MOEDA TONCOIN.
2023-09-04 18:16:31 | INFO | SALVANDO PÁGINA HTML REFERENTE A MOEDA TONCOIN.
2023-09-04 18:16:31 | INFO | EXTRAINDO CONTEÚDO DESEJADO REFERENTE A MOEDA TONCOIN.
2023-09-04 18:16:31 | INFO | DADOS DA MOEDA: TONCOIN COLETADOS COM SUCESSO.
2023-09-04 18:16:31 | INFO | SALVANDO INFORMAÇÕES REFERENTE A MOEDA TONCOIN.
2023-09-04 18:16:31 | INFO | INFORMAÇÕES REFERENTE A MOEDA TONCOIN SALVA COM SUCESSO.
