2023-09-02 12:36:18 | INFO | Acessando link referente a moeda bitcoin.
2023-09-02 12:36:20 | INFO | Salvando página html referente a moeda bitcoin.
2023-09-02 12:36:20 | INFO | Extraindo conteúdo desejado referente a moeda bitcoin.
2023-09-02 12:49:10 | INFO | Acessando link referente a moeda bitcoin.
2023-09-02 12:49:11 | INFO | Salvando página html referente a moeda bitcoin.
2023-09-02 12:49:11 | INFO | Extraindo conteúdo desejado referente a moeda bitcoin.
2023-09-02 12:53:02 | INFO | Acessando link referente a moeda bitcoin.
2023-09-02 12:53:03 | INFO | Salvando página html referente a moeda bitcoin.
2023-09-02 12:53:03 | INFO | Extraindo conteúdo desejado referente a moeda bitcoin.
2023-09-02 12:56:55 | INFO | Acessando link referente a moeda bitcoin.
2023-09-02 12:56:55 | INFO | Salvando página html referente a moeda bitcoin.
2023-09-02 12:56:55 | INFO | Extraindo conteúdo desejado referente a moeda bitcoin.
2023-09-02 12:58:04 | INFO | Acessando link referente a moeda bitcoin.
2023-09-02 12:58:05 | INFO | Salvando página html referente a moeda bitcoin.
2023-09-02 12:58:05 | INFO | Extraindo conteúdo desejado referente a moeda bitcoin.
2023-09-02 13:00:58 | INFO | Acessando link referente a moeda bitcoin.
2023-09-02 13:00:59 | INFO | Salvando página html referente a moeda bitcoin.
2023-09-02 13:00:59 | INFO | Extraindo conteúdo desejado referente a moeda bitcoin.
2023-09-02 13:02:12 | INFO | Acessando link referente a moeda bitcoin.
2023-09-02 13:02:13 | INFO | Salvando página html referente a moeda bitcoin.
2023-09-02 13:02:13 | INFO | Extraindo conteúdo desejado referente a moeda bitcoin.
2023-09-02 13:06:51 | INFO | Acessando link referente a moeda bitcoin.
2023-09-02 13:06:52 | INFO | Salvando página html referente a moeda bitcoin.
2023-09-02 13:06:52 | INFO | Extraindo conteúdo desejado referente a moeda bitcoin.
2023-09-02 13:09:54 | INFO | Acessando link referente a moeda bitcoin.
2023-09-02 13:09:55 | INFO | Salvando página html referente a moeda bitcoin.
2023-09-02 13:09:55 | INFO | Extraindo conteúdo desejado referente a moeda bitcoin.
2023-09-02 14:07:20 | INFO | Acessando link referente a moeda bitcoin.
2023-09-02 14:07:22 | INFO | Salvando página html referente a moeda bitcoin.
2023-09-02 14:07:22 | INFO | Extraindo conteúdo desejado referente a moeda bitcoin.
2023-09-02 14:09:17 | INFO | Acessando link referente a moeda bitcoin.
2023-09-02 14:09:18 | INFO | Salvando página html referente a moeda bitcoin.
2023-09-02 14:09:18 | INFO | Extraindo conteúdo desejado referente a moeda bitcoin.
2023-09-02 14:10:44 | INFO | Acessando link referente a moeda bitcoin.
2023-09-02 14:10:45 | INFO | Salvando página html referente a moeda bitcoin.
2023-09-02 14:10:45 | INFO | Extraindo conteúdo desejado referente a moeda bitcoin.
2023-09-02 14:10:47 | INFO | Dados da Moeda: bitcoin coletados com sucesso.
2023-09-02 14:10:47 | INFO | Salvando informações referente a moeda bitcoin.
2023-09-02 14:10:47 | ERROR | Erro desconhecido: 'NoneType' object is not callable
2023-09-02 14:30:08 | INFO | Acessando link referente a moeda bitcoin.
2023-09-02 14:30:10 | INFO | Salvando página html referente a moeda bitcoin.
2023-09-02 14:30:10 | INFO | Extraindo conteúdo desejado referente a moeda bitcoin.
2023-09-02 14:31:45 | INFO | Acessando link referente a moeda bitcoin.
2023-09-02 14:31:46 | INFO | Salvando página html referente a moeda bitcoin.
2023-09-02 14:31:46 | INFO | Extraindo conteúdo desejado referente a moeda bitcoin.
2023-09-02 14:33:00 | INFO | Acessando link referente a moeda bitcoin.
2023-09-02 14:33:01 | INFO | Salvando página html referente a moeda bitcoin.
2023-09-02 14:33:01 | INFO | Extraindo conteúdo desejado referente a moeda bitcoin.
2023-09-02 14:37:06 | INFO | Acessando link referente a moeda bitcoin.
2023-09-02 14:37:07 | INFO | Salvando página html referente a moeda bitcoin.
2023-09-02 14:37:07 | INFO | Extraindo conteúdo desejado referente a moeda bitcoin.
2023-09-02 14:38:26 | INFO | Acessando link referente a moeda bitcoin.
2023-09-02 14:38:27 | INFO | Salvando página html referente a moeda bitcoin.
2023-09-02 14:38:27 | INFO | Extraindo conteúdo desejado referente a moeda bitcoin.
2023-09-02 14:40:45 | INFO | Acessando link referente a moeda bitcoin.
2023-09-02 14:40:46 | INFO | Salvando página html referente a moeda bitcoin.
2023-09-02 14:40:46 | INFO | Extraindo conteúdo desejado referente a moeda bitcoin.
2023-09-02 14:43:30 | INFO | Acessando link referente a moeda bitcoin.
2023-09-02 14:43:32 | INFO | Salvando página html referente a moeda bitcoin.
2023-09-02 14:43:32 | INFO | Extraindo conteúdo desejado referente a moeda bitcoin.
2023-09-02 14:45:00 | INFO | Acessando link referente a moeda bitcoin.
2023-09-02 14:45:01 | INFO | Salvando página html referente a moeda bitcoin.
2023-09-02 14:45:01 | INFO | Extraindo conteúdo desejado referente a moeda bitcoin.
2023-09-02 14:45:07 | INFO | Dados da Moeda: bitcoin coletados com sucesso.
2023-09-02 14:45:07 | INFO | Salvando informações referente a moeda bitcoin.
2023-09-02 14:45:07 | ERROR | Erro desconhecido: name 'padrao' is not defined
2023-09-02 14:45:49 | INFO | Acessando link referente a moeda bitcoin.
2023-09-02 14:45:50 | INFO | Salvando página html referente a moeda bitcoin.
2023-09-02 14:45:50 | INFO | Extraindo conteúdo desejado referente a moeda bitcoin.
2023-09-02 14:45:56 | INFO | Dados da Moeda: bitcoin coletados com sucesso.
2023-09-02 14:45:56 | INFO | Salvando informações referente a moeda bitcoin.
2023-09-02 15:00:21 | INFO | Acessando link referente a moeda bitcoin.
2023-09-02 15:00:22 | INFO | Salvando página html referente a moeda bitcoin.
2023-09-02 15:00:22 | INFO | Extraindo conteúdo desejado referente a moeda bitcoin.
2023-09-02 15:00:56 | INFO | Acessando link referente a moeda bitcoin.
2023-09-02 15:00:57 | INFO | Salvando página html referente a moeda bitcoin.
2023-09-02 15:00:57 | INFO | Extraindo conteúdo desejado referente a moeda bitcoin.
2023-09-02 15:06:04 | INFO | Acessando link referente a moeda bitcoin.
2023-09-02 15:06:05 | INFO | Salvando página html referente a moeda bitcoin.
2023-09-02 15:06:05 | INFO | Extraindo conteúdo desejado referente a moeda bitcoin.
2023-09-02 15:09:16 | INFO | Acessando link referente a moeda bitcoin.
2023-09-02 15:09:17 | INFO | Salvando página html referente a moeda bitcoin.
2023-09-02 15:09:17 | INFO | Extraindo conteúdo desejado referente a moeda bitcoin.
2023-09-02 15:16:06 | INFO | Acessando link referente a moeda bitcoin.
2023-09-02 15:16:07 | INFO | Salvando página html referente a moeda bitcoin.
2023-09-02 15:16:07 | INFO | Extraindo conteúdo desejado referente a moeda bitcoin.
2023-09-02 15:21:53 | INFO | Acessando link referente a moeda bitcoin.
2023-09-02 15:21:55 | INFO | Salvando página html referente a moeda bitcoin.
2023-09-02 15:21:55 | INFO | Extraindo conteúdo desejado referente a moeda bitcoin.
2023-09-02 15:25:02 | INFO | Acessando link referente a moeda bitcoin.
2023-09-02 15:25:10 | INFO | Salvando página html referente a moeda bitcoin.
2023-09-02 15:25:10 | INFO | Extraindo conteúdo desejado referente a moeda bitcoin.
2023-09-02 15:28:10 | INFO | Acessando link referente a moeda bitcoin.
2023-09-02 15:28:11 | INFO | Salvando página html referente a moeda bitcoin.
2023-09-02 15:28:11 | INFO | Extraindo conteúdo desejado referente a moeda bitcoin.
2023-09-02 15:30:22 | INFO | Acessando link referente a moeda bitcoin.
2023-09-02 15:30:22 | INFO | Salvando página html referente a moeda bitcoin.
2023-09-02 15:30:22 | INFO | Extraindo conteúdo desejado referente a moeda bitcoin.
