2023-09-01 15:02:12 | INFO | Acessando link referente a moeda bitcoin.
2023-09-01 15:02:19 | INFO | Salvando página html referente a moeda bitcoin.
2023-09-01 15:02:50 | INFO | Extraindo conteúdo desejado referente a moeda bitcoin.
2023-09-01 15:02:51 | ERROR | Erro: 'NoneType' object has no attribute 'text', não foi possível encontrar as informações sobre a moeda bitcoin.
2023-09-01 15:02:56 | ERROR | Erro desconhecido: cannot access local variable 'aboutCoin' where it is not associated with a value
2023-09-01 15:03:26 | INFO | Acessando link referente a moeda bitcoin.
2023-09-01 15:03:27 | INFO | Salvando página html referente a moeda bitcoin.
2023-09-01 15:03:27 | INFO | Extraindo conteúdo desejado referente a moeda bitcoin.
2023-09-01 15:19:03 | INFO | Acessando link referente a moeda bitcoin.
2023-09-01 15:19:12 | INFO | Salvando página html referente a moeda bitcoin.
2023-09-01 15:19:12 | INFO | Extraindo conteúdo desejado referente a moeda bitcoin.
2023-09-01 15:29:43 | INFO | Acessando link referente a moeda bitcoin.
2023-09-01 15:29:44 | INFO | Salvando página html referente a moeda bitcoin.
2023-09-01 15:29:44 | INFO | Extraindo conteúdo desejado referente a moeda bitcoin.
2023-09-01 15:32:24 | INFO | Acessando link referente a moeda bitcoin.
2023-09-01 15:32:25 | INFO | Salvando página html referente a moeda bitcoin.
2023-09-01 15:32:25 | INFO | Extraindo conteúdo desejado referente a moeda bitcoin.
2023-09-01 15:34:15 | INFO | Acessando link referente a moeda bitcoin.
2023-09-01 15:34:16 | INFO | Salvando página html referente a moeda bitcoin.
2023-09-01 15:34:16 | INFO | Extraindo conteúdo desejado referente a moeda bitcoin.
2023-09-01 15:43:24 | INFO | Acessando link referente a moeda bitcoin.
2023-09-01 15:43:35 | INFO | Salvando página html referente a moeda bitcoin.
2023-09-01 15:43:44 | INFO | Extraindo conteúdo desejado referente a moeda bitcoin.
2023-09-01 17:15:59 | INFO | Acessando link referente a moeda bitcoin.
2023-09-01 17:16:21 | INFO | Salvando página html referente a moeda bitcoin.
2023-09-01 17:16:21 | INFO | Extraindo conteúdo desejado referente a moeda bitcoin.
2023-09-01 17:33:57 | INFO | Acessando link referente a moeda bitcoin.
2023-09-01 17:38:27 | INFO | Acessando link referente a moeda bitcoin.
2023-09-01 17:40:02 | INFO | Acessando link referente a moeda bitcoin.
2023-09-01 17:43:55 | INFO | Acessando link referente a moeda bitcoin.
2023-09-01 17:44:22 | INFO | Acessando link referente a moeda bitcoin.
2023-09-01 17:45:05 | INFO | Acessando link referente a moeda bitcoin.
2023-09-01 17:45:29 | INFO | Salvando página html referente a moeda bitcoin.
2023-09-01 17:45:34 | INFO | Extraindo conteúdo desejado referente a moeda bitcoin.
2023-09-01 17:51:08 | INFO | Acessando link referente a moeda bitcoin.
2023-09-01 17:51:23 | INFO | Salvando página html referente a moeda bitcoin.
2023-09-01 17:51:25 | INFO | Extraindo conteúdo desejado referente a moeda bitcoin.
