2023-08-25 15:31:00 | INFO | Acessando link referente a moeda bitcoin.
2023-08-25 15:31:01 | INFO | Salvando página html referente a moeda bitcoin.
2023-08-25 15:31:01 | INFO | Extraindo conteúdo desejado referente a moeda bitcoin.
2023-08-25 15:31:01 | INFO | Dados da Moeda: bitcoin coletados com sucesso.
2023-08-25 15:31:01 | INFO | Salvando informações referente a moeda bitcoin.
2023-08-25 15:31:01 | INFO | Informações referente a moeda bitcoin salva com sucesso.
2023-08-25 15:31:01 | INFO | Acessando link referente a moeda ethereum.
2023-08-25 15:31:02 | INFO | Salvando página html referente a moeda ethereum.
2023-08-25 15:31:02 | INFO | Extraindo conteúdo desejado referente a moeda ethereum.
2023-08-25 15:31:02 | INFO | Dados da Moeda: ethereum coletados com sucesso.
2023-08-25 15:31:02 | INFO | Salvando informações referente a moeda ethereum.
2023-08-25 15:31:02 | INFO | Informações referente a moeda ethereum salva com sucesso.
2023-08-25 15:31:02 | INFO | Acessando link referente a moeda tether.
2023-08-25 15:31:03 | INFO | Salvando página html referente a moeda tether.
2023-08-25 15:31:03 | INFO | Extraindo conteúdo desejado referente a moeda tether.
2023-08-25 15:31:03 | INFO | Dados da Moeda: tether coletados com sucesso.
2023-08-25 15:31:03 | INFO | Salvando informações referente a moeda tether.
2023-08-25 15:31:03 | INFO | Informações referente a moeda tether salva com sucesso.
2023-08-25 15:31:03 | INFO | Acessando link referente a moeda bnb.
2023-08-25 15:31:03 | INFO | Salvando página html referente a moeda bnb.
2023-08-25 15:31:03 | INFO | Extraindo conteúdo desejado referente a moeda bnb.
2023-08-25 15:31:03 | INFO | Dados da Moeda: bnb coletados com sucesso.
2023-08-25 15:31:03 | INFO | Salvando informações referente a moeda bnb.
2023-08-25 15:31:03 | INFO | Informações referente a moeda bnb salva com sucesso.
2023-08-25 15:31:03 | INFO | Acessando link referente a moeda xrp.
2023-08-25 15:31:04 | INFO | Salvando página html referente a moeda xrp.
2023-08-25 15:31:04 | INFO | Extraindo conteúdo desejado referente a moeda xrp.
2023-08-25 15:31:04 | INFO | Dados da Moeda: xrp coletados com sucesso.
2023-08-25 15:31:04 | INFO | Salvando informações referente a moeda xrp.
2023-08-25 15:31:04 | INFO | Informações referente a moeda xrp salva com sucesso.
2023-08-25 15:31:04 | INFO | Acessando link referente a moeda usd-coin.
2023-08-25 15:31:05 | INFO | Salvando página html referente a moeda usd-coin.
2023-08-25 15:31:05 | INFO | Extraindo conteúdo desejado referente a moeda usd-coin.
2023-08-25 15:31:05 | INFO | Dados da Moeda: usd-coin coletados com sucesso.
2023-08-25 15:31:05 | INFO | Salvando informações referente a moeda usd-coin.
2023-08-25 15:31:05 | INFO | Informações referente a moeda usd-coin salva com sucesso.
2023-08-25 15:31:05 | INFO | Acessando link referente a moeda cardano.
2023-08-25 15:31:05 | INFO | Salvando página html referente a moeda cardano.
2023-08-25 15:31:05 | INFO | Extraindo conteúdo desejado referente a moeda cardano.
2023-08-25 15:31:05 | INFO | Dados da Moeda: cardano coletados com sucesso.
2023-08-25 15:31:05 | INFO | Salvando informações referente a moeda cardano.
2023-08-25 15:31:05 | INFO | Informações referente a moeda cardano salva com sucesso.
